17:48:24.596 INFO __main__ — === BTC 5m Up/Down Trader Started ===
17:48:24.597 INFO __main__ — Strategy: PairedWindowStrategy | Side: UP | Amount: $1.0 | Exit: hold-to-window-end
17:48:24.597 INFO __main__ — Rounds: 2
17:48:24.597 INFO polybot.strategies.paired_window — PairedWindowStrategy started | theta=0.020% | remaining=[60, 240]s | price=[0.57, 0.65]
17:48:24.597 INFO polybot.market.market — Current time: 09:48:24 UTC (epoch 1776851304), window start: 1776851100
17:48:25.262 INFO polybot.market.market — [MARKET] FOUND window=April 22, 5:45AM-5:50AM ET
17:48:25.263 INFO __main__ — Next window: April 22, 5:45AM-5:50AM ET
17:48:25.263 INFO __main__ —   Window: 2026-04-22 09:45:00+00:00 → 2026-04-22 09:50:00+00:00
17:48:25.263 INFO polybot.trading.monitor — [SIGNAL] SIDE_RESOLVED side=UP window=April 22, 5:45AM-5:50AM ET
17:48:25.264 INFO polybot.trading.monitor — [TRADE] DAILY_RESET
17:48:26.031 INFO polybot.market.binance — BinancePriceFeed connected: wss://stream.binance.com:9443/ws/btcusdt@trade
17:48:26.452 INFO polybot.market.stream — [WS] SUBSCRIBED
17:48:27.348 INFO httpx — HTTP Request: POST https://clob.polymarket.com/auth/api-key "HTTP/2 400 Bad Request"
17:48:27.743 INFO httpx — HTTP Request: GET https://clob.polymarket.com/auth/derive-api-key "HTTP/2 200 OK"
17:48:27.744 INFO polybot.core.client — CLOB client initialized
17:48:28.141 INFO httpx — HTTP Request: GET https://clob.polymarket.com/tick-size?token_id=5720522283303394242290396586730138014798838507590650077197675353588947733389 "HTTP/2 200 OK"
17:48:28.297 INFO httpx — HTTP Request: GET https://clob.polymarket.com/neg-risk?token_id=5720522283303394242290396586730138014798838507590650077197675353588947733389 "HTTP/2 200 OK"
17:48:28.462 INFO httpx — HTTP Request: GET https://clob.polymarket.com/fee-rate?token_id=5720522283303394242290396586730138014798838507590650077197675353588947733389 "HTTP/2 200 OK"
17:48:28.853 INFO httpx — HTTP Request: GET https://clob.polymarket.com/tick-size?token_id=51830457186557025616071573498293242753472981490158737749132539102253785939169 "HTTP/2 200 OK"
17:48:29.011 INFO httpx — HTTP Request: GET https://clob.polymarket.com/neg-risk?token_id=51830457186557025616071573498293242753472981490158737749132539102253785939169 "HTTP/2 200 OK"
17:48:29.169 INFO httpx — HTTP Request: GET https://clob.polymarket.com/fee-rate?token_id=51830457186557025616071573498293242753472981490158737749132539102253785939169 "HTTP/2 200 OK"
17:48:29.170 INFO polybot.trading.monitor — [WINDOW] STARTED side=UP window=April 22, 5:45AM-5:50AM ET
17:48:29.170 INFO polybot.trading.monitor — [SIGNAL] OPENING_PRICE window=April 22, 5:45AM-5:50AM ET price=0.0850
17:50:00.220 INFO polybot.trading.monitor — [WINDOW] EXPIRED window=April 22, 5:45AM-5:50AM ET
17:50:00.221 INFO polybot.trading.monitor — [WINDOW] SUMMARY window=April 22, 5:45AM-5:50AM ET
17:50:00.221 INFO polybot.market.market — Current time: 09:50:00 UTC (epoch 1776851400), window start: 1776851400
17:50:00.934 INFO polybot.market.market — [MARKET] FOUND window=April 22, 5:50AM-5:55AM ET
17:50:00.934 INFO __main__ — Round 1/2 complete
17:50:00.934 INFO __main__ — === Pre-opened window ready, monitoring immediately ===
17:50:00.934 INFO polybot.trading.monitor — [SIGNAL] SIDE_RESOLVED side=UP window=April 22, 5:50AM-5:55AM ET
17:50:00.935 INFO polybot.market.stream — [WS] SUBSCRIBED
17:50:00.935 INFO polybot.trading.monitor — [WINDOW] WS_SWITCHED window=April 22, 5:50AM-5:55AM ET
17:50:01.784 INFO httpx — HTTP Request: GET https://clob.polymarket.com/tick-size?token_id=105373409588785868057113008377206476357986756914381489934382413713134201397091 "HTTP/2 200 OK"
17:50:01.942 INFO httpx — HTTP Request: GET https://clob.polymarket.com/neg-risk?token_id=105373409588785868057113008377206476357986756914381489934382413713134201397091 "HTTP/2 200 OK"
17:50:02.094 INFO httpx — HTTP Request: GET https://clob.polymarket.com/fee-rate?token_id=105373409588785868057113008377206476357986756914381489934382413713134201397091 "HTTP/2 200 OK"
17:50:02.479 INFO httpx — HTTP Request: GET https://clob.polymarket.com/tick-size?token_id=85960574835087367492088837875969724276028267750282883366009981831665669997073 "HTTP/2 200 OK"
17:50:02.639 INFO httpx — HTTP Request: GET https://clob.polymarket.com/neg-risk?token_id=85960574835087367492088837875969724276028267750282883366009981831665669997073 "HTTP/2 200 OK"
17:50:02.794 INFO httpx — HTTP Request: GET https://clob.polymarket.com/fee-rate?token_id=85960574835087367492088837875969724276028267750282883366009981831665669997073 "HTTP/2 200 OK"
17:50:02.795 INFO polybot.trading.monitor — [WINDOW] STARTED side=UP window=April 22, 5:50AM-5:55AM ET
17:50:02.795 INFO polybot.trading.monitor — [SIGNAL] OPENING_PRICE window=April 22, 5:50AM-5:55AM ET price=0.5050
17:51:02.092 INFO polybot.strategies.paired_window — PAIRED SIGNAL: dir=UP btc_open=78108.1 btc_now=78125.7 move=0.0225% past=0.0192% entry_price=0.635 remaining=238s
17:51:02.093 INFO polybot.trading.monitor — [SIGNAL] BUY_SIGNAL side=UP window=April 22, 5:50AM-5:55AM ET price=0.6350
17:51:02.094 INFO polybot.trading.trading — [TRADE] BUY amount=1.0000
17:51:03.080 INFO httpx — HTTP Request: GET https://clob.polymarket.com/book?token_id=105373409588785868057113008377206476357986756914381489934382413713134201397091 "HTTP/2 200 OK"
17:51:04.665 INFO httpx — HTTP Request: POST https://clob.polymarket.com/order "HTTP/2 200 OK"
17:51:04.834 DEBUG polybot.trading.trading — [TRADE] FOK_RAW_RESP side=BUY price=0.0000
17:51:04.834 INFO polybot.trading.trading — [TRADE] FOK_FILLED side=BUY
17:51:04.835 INFO polybot.trading.monitor — [TRADE] BUY_FILLED side=UP window=April 22, 5:50AM-5:55AM ET price=0.6350 amount=1.0000 shares=1.5748
17:52:36.470 WARNING polybot.market.stream — WS ping failed: sent 1011 (internal error) keepalive ping timeout; no close frame received
17:52:38.691 INFO polybot.market.stream — [WS] SUBSCRIBED
17:52:38.692 INFO polybot.market.stream — [WS] RECONNECTED
17:53:50.868 INFO polybot.market.stream — [WS] SUBSCRIBED
17:53:50.869 INFO polybot.market.stream — [WS] RECONNECTED
